        -:    0:Source:src/GUI.cpp
        -:    0:Graph:GUI.gcno
        -:    0:Data:GUI.gcda
        -:    0:Runs:1
        -:    0:Programs:1
        -:    1:/*EOF*/
        -:    2:/*EOF*/
        -:    3:/*EOF*/
        -:    4:/*EOF*/
        -:    5:/*EOF*/
        -:    6:/*EOF*/
        -:    7:/*EOF*/
        -:    8:/*EOF*/
        -:    9:/*EOF*/
        -:   10:/*EOF*/
        -:   11:/*EOF*/
        -:   12:/*EOF*/
        -:   13:/*EOF*/
        -:   14:/*EOF*/
        -:   15:/*EOF*/
        -:   16:/*EOF*/
        -:   17:/*EOF*/
        -:   18:/*EOF*/
        -:   19:/*EOF*/
        -:   20:/*EOF*/
        -:   21:/*EOF*/
        -:   22:/*EOF*/
        -:   23:/*EOF*/
        -:   24:/*EOF*/
        -:   25:/*EOF*/
        -:   26:/*EOF*/
        -:   27:/*EOF*/
        -:   28:/*EOF*/
        -:   29:/*EOF*/
        -:   30:/*EOF*/
        -:   31:/*EOF*/
        -:   32:/*EOF*/
        -:   33:/*EOF*/
        -:   34:/*EOF*/
        -:   35:/*EOF*/
        -:   36:/*EOF*/
        -:   37:/*EOF*/
        -:   38:/*EOF*/
       10:   39:/*EOF*/
        -:   40:/*EOF*/
        -:   41:/*EOF*/
        -:   42:/*EOF*/
        -:   43:/*EOF*/
        -:   44:/*EOF*/
       10:   45:/*EOF*/
        -:   46:/*EOF*/
        -:   47:/*EOF*/
        -:   48:/*EOF*/
        -:   49:/*EOF*/
        -:   50:/*EOF*/
        -:   51:/*EOF*/
        -:   52:/*EOF*/
        -:   53:/*EOF*/
        -:   54:/*EOF*/
        -:   55:/*EOF*/
        -:   56:/*EOF*/
        -:   57:/*EOF*/
      257:   58:/*EOF*/
    11978:   59:/*EOF*/
    11731:   60:/*EOF*/
        -:   61:/*EOF*/
        -:   62:/*EOF*/
       10:   63:/*EOF*/
       10:   64:/*EOF*/
       10:   65:/*EOF*/
        -:   66:/*EOF*/
       40:   67:/*EOF*/
        -:   68:/*EOF*/
        -:   69:/*EOF*/
        -:   70:/*EOF*/
       40:   71:/*EOF*/
       40:   72:/*EOF*/
      280:   73:/*EOF*/
        -:   74:/*EOF*/
      240:   75:/*EOF*/
       40:   76:/*EOF*/
       40:   77:/*EOF*/
       40:   78:/*EOF*/
        -:   79:/*EOF*/
      200:   80:/*EOF*/
      240:   81:/*EOF*/
        -:   82:/*EOF*/
       40:   83:/*EOF*/
       40:   84:/*EOF*/
        -:   85:/*EOF*/
       40:   86:/*EOF*/
        -:   87:/*EOF*/
        -:   88:/*EOF*/
        -:   89:/*EOF*/
        -:   90:/*EOF*/
     1520:   91:/*EOF*/
        -:   92:/*EOF*/
   145040:   93:/*EOF*/
        -:   94:/*EOF*/
   143560:   95:/*EOF*/
        -:   96:/*EOF*/
        -:   97:/*EOF*/
        -:   98:/*EOF*/
      378:   99:/*EOF*/
        -:  100:/*EOF*/
      338:  101:/*EOF*/
        -:  102:/*EOF*/
       81:  103:/*EOF*/
       81:  104:/*EOF*/
        -:  105:/*EOF*/
      338:  106:/*EOF*/
      338:  107:/*EOF*/
      338:  108:/*EOF*/
      338:  109:/*EOF*/
      338:  110:/*EOF*/
      338:  111:/*EOF*/
      338:  112:/*EOF*/
        -:  113:/*EOF*/
      568:  114:/*EOF*/
        -:  115:/*EOF*/
      326:  116:/*EOF*/
        -:  117:/*EOF*/
        -:  118:/*EOF*/
        -:  119:/*EOF*/
       96:  120:/*EOF*/
        -:  121:/*EOF*/
      338:  122:/*EOF*/
        -:  123:/*EOF*/
       81:  124:/*EOF*/
        -:  125:/*EOF*/
        -:  126:/*EOF*/
      338:  127:/*EOF*/
        -:  128:/*EOF*/
       81:  129:/*EOF*/
        -:  130:/*EOF*/
        -:  131:/*EOF*/
      257:  132:/*EOF*/
        -:  133:/*EOF*/
        -:  134:/*EOF*/
        -:  135:/*EOF*/
        -:  136:/*EOF*/
       40:  137:/*EOF*/
       40:  138:/*EOF*/
        -:  139:/*EOF*/
       45:  140:/*EOF*/
        -:  141:/*EOF*/
        -:  142:/*EOF*/
        -:  143:/*EOF*/
       45:  144:/*EOF*/
       45:  145:/*EOF*/
      360:  146:/*EOF*/
        -:  147:/*EOF*/
      315:  148:/*EOF*/
       45:  149:/*EOF*/
       45:  150:/*EOF*/
       45:  151:/*EOF*/
        -:  152:/*EOF*/
      270:  153:/*EOF*/
      315:  154:/*EOF*/
        -:  155:/*EOF*/
       45:  156:/*EOF*/
       45:  157:/*EOF*/
        -:  158:/*EOF*/
        1:  159:/*EOF*/
        -:  160:/*EOF*/
        -:  161:/*EOF*/
        1:  162:/*EOF*/
        -:  163:/*EOF*/
        -:  164:/*EOF*/
        1:  165:/*EOF*/
        -:  166:/*EOF*/
        -:  167:/*EOF*/
        -:  168:/*EOF*/
        -:  169:/*EOF*/
        -:  170:/*EOF*/
        -:  171:/*EOF*/
        -:  172:/*EOF*/
        -:  173:/*EOF*/
        -:  174:/*EOF*/
        -:  175:/*EOF*/
        -:  176:/*EOF*/
    #####:  177:/*EOF*/
        -:  178:/*EOF*/
        1:  179:/*EOF*/
        -:  180:/*EOF*/
        1:  181:/*EOF*/
        1:  182:/*EOF*/
        1:  183:/*EOF*/
        1:  184:/*EOF*/
        -:  185:/*EOF*/
        1:  186:/*EOF*/
        1:  187:/*EOF*/
        1:  188:/*EOF*/
        1:  189:/*EOF*/
        1:  190:/*EOF*/
        1:  191:/*EOF*/
        1:  192:/*EOF*/
        1:  193:/*EOF*/
        -:  194:/*EOF*/
        1:  195:/*EOF*/
        1:  196:/*EOF*/
        1:  197:/*EOF*/
        1:  198:/*EOF*/
        1:  199:/*EOF*/
        -:  200:/*EOF*/
        1:  201:/*EOF*/
        1:  202:/*EOF*/
        1:  203:/*EOF*/
        1:  204:/*EOF*/
        -:  205:/*EOF*/
        1:  206:/*EOF*/
        1:  207:/*EOF*/
        1:  208:/*EOF*/
        -:  209:/*EOF*/
        1:  210:/*EOF*/
        1:  211:/*EOF*/
        1:  212:/*EOF*/
        1:  213:/*EOF*/
        -:  214:/*EOF*/
        1:  215:/*EOF*/
        1:  216:/*EOF*/
        1:  217:/*EOF*/
        1:  218:/*EOF*/
        -:  219:/*EOF*/
        1:  220:/*EOF*/
        -:  221:/*EOF*/
        -:  222:/*EOF*/
        -:  223:/*EOF*/
        -:  224:/*EOF*/
        1:  225:/*EOF*/
        -:  226:/*EOF*/
        1:  227:/*EOF*/
    #####:  228:/*EOF*/
        -:  229:/*EOF*/
    #####:  230:/*EOF*/
    #####:  231:/*EOF*/
        -:  232:/*EOF*/
    #####:  233:/*EOF*/
        -:  234:/*EOF*/
    #####:  235:/*EOF*/
        -:  236:/*EOF*/
    #####:  237:/*EOF*/
        -:  238:/*EOF*/
    #####:  239:/*EOF*/
    #####:  240:/*EOF*/
    #####:  241:/*EOF*/
    #####:  242:/*EOF*/
    #####:  243:/*EOF*/
    #####:  244:/*EOF*/
        -:  245:/*EOF*/
        -:  246:/*EOF*/
        -:  247:/*EOF*/
        1:  248:/*EOF*/
        -:  249:/*EOF*/
        -:  250:/*EOF*/
        -:  251:/*EOF*/
        1:  252:/*EOF*/
        1:  253:/*EOF*/
        1:  254:/*EOF*/
        -:  255:/*EOF*/
    #####:  256:/*EOF*/
        -:  257:/*EOF*/
    #####:  258:/*EOF*/
        -:  259:/*EOF*/
    #####:  260:/*EOF*/
        -:  261:/*EOF*/
    #####:  262:/*EOF*/
        -:  263:/*EOF*/
        -:  264:/*EOF*/
        -:  265:/*EOF*/
        1:  266:/*EOF*/
        1:  267:/*EOF*/
        -:  268:/*EOF*/
        1:  269:/*EOF*/
        -:  270:/*EOF*/
        -:  271:/*EOF*/
        1:  272:/*EOF*/
        1:  273:/*EOF*/
        1:  274:/*EOF*/
        1:  275:/*EOF*/
        1:  276:/*EOF*/
        1:  277:/*EOF*/
        1:  278:/*EOF*/
        1:  279:/*EOF*/
        1:  280:/*EOF*/
        -:  281:/*EOF*/
        1:  282:/*EOF*/
        -:  283:/*EOF*/
        1:  284:/*EOF*/
        -:  285:/*EOF*/
        -:  286:/*EOF*/
        1:  287:/*EOF*/
        1:  288:/*EOF*/
        -:  289:/*EOF*/
        1:  290:/*EOF*/
        -:  291:/*EOF*/
        -:  292:/*EOF*/
        -:  293:/*EOF*/
        -:  294:/*EOF*/
        1:  295:/*EOF*/
        1:  296:/*EOF*/
        1:  297:/*EOF*/
        1:  298:/*EOF*/
        1:  299:/*EOF*/
        1:  300:/*EOF*/
        1:  301:/*EOF*/
        1:  302:/*EOF*/
        1:  303:/*EOF*/
        -:  304:/*EOF*/
        1:  305:/*EOF*/
        2:  306:/*EOF*/
        2:  307:/*EOF*/
        -:  308:/*EOF*/
        2:  309:/*EOF*/
        2:  310:/*EOF*/
        -:  311:/*EOF*/
        1:  312:/*EOF*/
        1:  313:/*EOF*/
        -:  314:/*EOF*/
        -:  315:/*EOF*/
        2:  316:/*EOF*/
        -:  317:/*EOF*/
        1:  318:/*EOF*/
        -:  319:/*EOF*/
        1:  320:/*EOF*/
        1:  321:/*EOF*/
        -:  322:/*EOF*/
        8:  323:/*EOF*/
        -:  324:/*EOF*/
        8:  325:/*EOF*/
        8:  326:/*EOF*/
        8:  327:/*EOF*/
        8:  328:/*EOF*/
        8:  329:/*EOF*/
        8:  330:/*EOF*/
        8:  331:/*EOF*/
        8:  332:/*EOF*/
        -:  333:/*EOF*/
        -:  334:/*EOF*/
        -:  335:/*EOF*/
        -:  336:/*EOF*/
        8:  337:/*EOF*/
        8:  338:/*EOF*/
        8:  339:/*EOF*/
        8:  340:/*EOF*/
        -:  341:/*EOF*/
    #####:  342:/*EOF*/
    #####:  343:/*EOF*/
    #####:  344:/*EOF*/
        -:  345:/*EOF*/
        8:  346:/*EOF*/
        -:  347:/*EOF*/
        -:  348:/*EOF*/
        8:  349:/*EOF*/
       29:  350:/*EOF*/
        -:  351:/*EOF*/
       37:  352:/*EOF*/
       37:  353:/*EOF*/
       37:  354:/*EOF*/
        -:  355:/*EOF*/
        -:  356:/*EOF*/
        2:  357:/*EOF*/
        -:  358:/*EOF*/
    #####:  359:/*EOF*/
        -:  360:/*EOF*/
        -:  361:/*EOF*/
        2:  362:/*EOF*/
        -:  363:/*EOF*/
        2:  364:/*EOF*/
        -:  365:/*EOF*/
       26:  366:/*EOF*/
    #####:  367:/*EOF*/
        -:  368:/*EOF*/
        -:  369:/*EOF*/
       26:  370:/*EOF*/
        -:  371:/*EOF*/
       26:  372:/*EOF*/
        -:  373:/*EOF*/
        8:  374:/*EOF*/
        8:  375:/*EOF*/
        -:  376:/*EOF*/
        1:  377:/*EOF*/
        -:  378:/*EOF*/
       37:  379:/*EOF*/
       37:  380:/*EOF*/
        -:  381:/*EOF*/
        8:  382:/*EOF*/
        8:  383:/*EOF*/
        -:  384:/*EOF*/
        -:  385:/*EOF*/
        8:  386:/*EOF*/
        8:  387:/*EOF*/
        8:  388:/*EOF*/
        8:  389:/*EOF*/
        -:  390:/*EOF*/
        1:  391:/*EOF*/
        -:  392:/*EOF*/
        1:  393:/*EOF*/
        -:  394:/*EOF*/
        1:  395:/*EOF*/
        1:  396:/*EOF*/
        1:  397:/*EOF*/
        -:  398:/*EOF*/
        1:  399:/*EOF*/
        -:  400:/*EOF*/
      101:  401:/*EOF*/
        -:  402:/*EOF*/
      100:  403:/*EOF*/
        -:  404:/*EOF*/
        1:  405:/*EOF*/
        1:  406:/*EOF*/
        1:  407:/*EOF*/
      101:  408:/*EOF*/
        -:  409:/*EOF*/
      100:  410:/*EOF*/
        -:  411:/*EOF*/
        1:  412:/*EOF*/
        -:  413:/*EOF*/
        1:  414:/*EOF*/
        1:  415:/*EOF*/
        1:  416:/*EOF*/
        1:  417:/*EOF*/
        1:  418:/*EOF*/
        1:  419:/*EOF*/
        1:  420:/*EOF*/
        1:  421:/*EOF*/
        1:  422:/*EOF*/
        1:  423:/*EOF*/
        -:  424:/*EOF*/
        1:  425:/*EOF*/
        1:  426:/*EOF*/
        1:  427:/*EOF*/
        1:  428:/*EOF*/
        -:  429:/*EOF*/
        2:  430:/*EOF*/
        -:  431:/*EOF*/
        -:  432:/*EOF*/
       18:  433:/*EOF*/
        -:  434:/*EOF*/
       16:  435:/*EOF*/
        -:  436:/*EOF*/
        -:  437:/*EOF*/
        2:  438:/*EOF*/
        -:  439:/*EOF*/
        1:  440:/*EOF*/
        1:  441:/*EOF*/
        1:  442:/*EOF*/
        1:  443:/*EOF*/
        -:  444:/*EOF*/
        -:  445:/*EOF*/
        -:  446:/*EOF*/
        -:  447:/*EOF*/
        1:  448:/*EOF*/
        -:  449:/*EOF*/
        1:  450:/*EOF*/
        -:  451:/*EOF*/
        -:  452:/*EOF*/
        -:  453:/*EOF*/
       27:  454:/*EOF*/
        -:  455:/*EOF*/
       13:  456:/*EOF*/
       13:  457:/*EOF*/
        -:  458:/*EOF*/
       26:  459:/*EOF*/
       26:  460:/*EOF*/
        -:  461:/*EOF*/
        -:  462:/*EOF*/
        4:  463:/*EOF*/
        -:  464:/*EOF*/
    #####:  465:/*EOF*/
        -:  466:/*EOF*/
        -:  467:/*EOF*/
        4:  468:/*EOF*/
        -:  469:/*EOF*/
        4:  470:/*EOF*/
        -:  471:/*EOF*/
        9:  472:/*EOF*/
        -:  473:/*EOF*/
    #####:  474:/*EOF*/
        -:  475:/*EOF*/
        9:  476:/*EOF*/
        -:  477:/*EOF*/
        9:  478:/*EOF*/
        -:  479:/*EOF*/
       13:  480:/*EOF*/
       13:  481:/*EOF*/
        -:  482:/*EOF*/
    #####:  483:/*EOF*/
        -:  484:/*EOF*/
       26:  485:/*EOF*/
       26:  486:/*EOF*/
        -:  487:/*EOF*/
       13:  488:/*EOF*/
       13:  489:/*EOF*/
       13:  490:/*EOF*/
       13:  491:/*EOF*/
       13:  492:/*EOF*/
        -:  493:/*EOF*/
        -:  494:/*EOF*/
        -:  495:/*EOF*/
       13:  496:/*EOF*/
        1:  497:/*EOF*/
        1:  498:/*EOF*/
       12:  499:/*EOF*/
        -:  500:/*EOF*/
        8:  501:/*EOF*/
        8:  502:/*EOF*/
        4:  503:/*EOF*/
        -:  504:/*EOF*/
        1:  505:/*EOF*/
        1:  506:/*EOF*/
        3:  507:/*EOF*/
        -:  508:/*EOF*/
    #####:  509:/*EOF*/
        -:  510:/*EOF*/
        1:  511:/*EOF*/
        1:  512:/*EOF*/
        1:  513:/*EOF*/
        -:  514:/*EOF*/
    #####:  515:/*EOF*/
        -:  516:/*EOF*/
        1:  517:/*EOF*/
        1:  518:/*EOF*/
        1:  519:/*EOF*/
        -:  520:/*EOF*/
        1:  521:/*EOF*/
        9:  522:/*EOF*/
        -:  523:/*EOF*/
        8:  524:/*EOF*/
        -:  525:/*EOF*/
        1:  526:/*EOF*/
        -:  527:/*EOF*/
        1:  528:/*EOF*/
        1:  529:/*EOF*/
        -:  530:/*EOF*/
        2:  531:/*EOF*/
        -:  532:/*EOF*/
        -:  533:/*EOF*/
        1:  534:/*EOF*/
        9:  535:/*EOF*/
        -:  536:/*EOF*/
        8:  537:/*EOF*/
        -:  538:/*EOF*/
        1:  539:/*EOF*/
        -:  540:/*EOF*/
        -:  541:/*EOF*/
        1:  542:/*EOF*/
        1:  543:/*EOF*/
        -:  544:/*EOF*/
       13:  545:/*EOF*/
        -:  546:/*EOF*/
        -:  547:/*EOF*/
        1:  548:/*EOF*/
        1:  549:/*EOF*/
        1:  550:/*EOF*/
