        -:    0:Source:src/main.cpp
        -:    0:Graph:main.gcno
        -:    0:Data:main.gcda
        -:    0:Runs:1
        -:    0:Programs:1
        -:    1:/*EOF*/
        -:    2:/*EOF*/
        -:    3:/*EOF*/
        -:    4:/*EOF*/
        -:    5:/*EOF*/
        -:    6:/*EOF*/
        1:    7:/*EOF*/
        -:    8:/*EOF*/
        1:    9:/*EOF*/
        -:   10:/*EOF*/
        -:   11:/*EOF*/
        1:   12:/*EOF*/
        -:   13:/*EOF*/
        1:   14:/*EOF*/
        -:   15:/*EOF*/
        -:   16:/*EOF*/
        1:   17:/*EOF*/
        1:   18:/*EOF*/
        -:   19:/*EOF*/
        -:   20:/*EOF*/
        1:   21:/*EOF*/
        1:   22:/*EOF*/
        1:   23:/*EOF*/
